<?xml version='1.0' encoding='UTF-8'?>
<result plugin="junit@1.21">
  <suites>
    <suite>
      <file>/home/devops/.jenkins/workspace/01_Exam_HelloWorldJavaEE/target/surefire-reports/TEST-com.qaagility.controller.AppTest.xml</file>
      <name>com.qaagility.controller.AppTest</name>
      <duration>0.148</duration>
      <time>0.148</time>
      <cases>
        <case>
          <duration>0.148</duration>
          <className>com.qaagility.controller.AppTest</className>
          <testName>testCalc</testName>
          <skipped>false</skipped>
          <failedSince>0</failedSince>
        </case>
        <case>
          <duration>0.026</duration>
          <className>com.qaagility.controller.AppTest</className>
          <testName>testCalc</testName>
          <skipped>false</skipped>
          <failedSince>0</failedSince>
        </case>
      </cases>
    </suite>
    <suite>
      <file>/home/devops/.jenkins/workspace/01_Exam_HelloWorldJavaEE/target/surefire-reports/TEST-com.qaagility.controller.CalcTest.xml</file>
      <name>com.qaagility.controller.CalcTest</name>
      <duration>0.323</duration>
      <time>0.323</time>
      <cases>
        <case>
          <duration>0.323</duration>
          <className>com.qaagility.controller.CalcTest</className>
          <testName>testCalc</testName>
          <skipped>false</skipped>
          <failedSince>0</failedSince>
        </case>
        <case>
          <duration>0.001</duration>
          <className>com.qaagility.controller.CalcTest</className>
          <testName>testCalc1</testName>
          <skipped>false</skipped>
          <failedSince>0</failedSince>
        </case>
        <case>
          <duration>0.177</duration>
          <className>com.qaagility.controller.CalcTest</className>
          <testName>testCalc1</testName>
          <skipped>false</skipped>
          <failedSince>0</failedSince>
        </case>
        <case>
          <duration>0.003</duration>
          <className>com.qaagility.controller.CalcTest</className>
          <testName>testCalc</testName>
          <skipped>false</skipped>
          <failedSince>0</failedSince>
        </case>
      </cases>
    </suite>
    <suite>
      <file>/home/devops/.jenkins/workspace/01_Exam_HelloWorldJavaEE/target/surefire-reports/TEST-com.qaagility.javaee.AppTest.xml</file>
      <name>com.qaagility.javaee.AppTest</name>
      <duration>0.723</duration>
      <time>0.723</time>
      <cases>
        <case>
          <duration>0.685</duration>
          <className>com.qaagility.javaee.AppTest</className>
          <testName>testFast</testName>
          <skipped>false</skipped>
          <failedSince>0</failedSince>
        </case>
        <case>
          <duration>0.0</duration>
          <className>com.qaagility.javaee.AppTest</className>
          <testName>testSlow</testName>
          <skipped>false</skipped>
          <failedSince>0</failedSince>
        </case>
        <case>
          <duration>0.0</duration>
          <className>com.qaagility.javaee.AppTest</className>
          <testName>testSlower</testName>
          <skipped>false</skipped>
          <failedSince>0</failedSince>
        </case>
        <case>
          <duration>0.178</duration>
          <className>com.qaagility.javaee.AppTest</className>
          <testName>testFast</testName>
          <skipped>false</skipped>
          <failedSince>0</failedSince>
        </case>
        <case>
          <duration>0.005</duration>
          <className>com.qaagility.javaee.AppTest</className>
          <testName>testSlow</testName>
          <skipped>false</skipped>
          <failedSince>0</failedSince>
        </case>
        <case>
          <duration>0.024</duration>
          <className>com.qaagility.javaee.AppTest</className>
          <testName>testSlower</testName>
          <skipped>false</skipped>
          <failedSince>0</failedSince>
        </case>
      </cases>
    </suite>
  </suites>
  <duration>1.659</duration>
  <keepLongStdio>false</keepLongStdio>
</result>