<?xml version='1.0' encoding='UTF-8'?>
<result plugin="junit@1.21">
  <suites>
    <suite>
      <file>/home/devops/.jenkins/workspace/02_Exam_HelloWorldJavaEE_CodeCoverage/target/surefire-reports/TEST-com.qaagility.controller.AppTest.xml</file>
      <name>com.qaagility.controller.AppTest</name>
      <duration>0.025</duration>
      <time>0.025</time>
      <cases>
        <case>
          <duration>0.025</duration>
          <className>com.qaagility.controller.AppTest</className>
          <testName>testCalc</testName>
          <skipped>false</skipped>
          <failedSince>0</failedSince>
        </case>
        <case>
          <duration>0.013</duration>
          <className>com.qaagility.controller.AppTest</className>
          <testName>testCalc</testName>
          <skipped>false</skipped>
          <failedSince>0</failedSince>
        </case>
      </cases>
    </suite>
    <suite>
      <file>/home/devops/.jenkins/workspace/02_Exam_HelloWorldJavaEE_CodeCoverage/target/surefire-reports/TEST-com.qaagility.controller.CalcTest.xml</file>
      <name>com.qaagility.controller.CalcTest</name>
      <duration>0.379</duration>
      <time>0.379</time>
      <cases>
        <case>
          <duration>0.379</duration>
          <className>com.qaagility.controller.CalcTest</className>
          <testName>testCalc1</testName>
          <skipped>false</skipped>
          <failedSince>0</failedSince>
        </case>
        <case>
          <duration>0.0</duration>
          <className>com.qaagility.controller.CalcTest</className>
          <testName>testCalc</testName>
          <skipped>false</skipped>
          <failedSince>0</failedSince>
        </case>
        <case>
          <duration>0.103</duration>
          <className>com.qaagility.controller.CalcTest</className>
          <testName>testCalc</testName>
          <skipped>false</skipped>
          <failedSince>0</failedSince>
        </case>
        <case>
          <duration>0.0</duration>
          <className>com.qaagility.controller.CalcTest</className>
          <testName>testCalc1</testName>
          <skipped>false</skipped>
          <failedSince>0</failedSince>
        </case>
      </cases>
    </suite>
    <suite>
      <file>/home/devops/.jenkins/workspace/02_Exam_HelloWorldJavaEE_CodeCoverage/target/surefire-reports/TEST-com.qaagility.javaee.AppTest.xml</file>
      <name>com.qaagility.javaee.AppTest</name>
      <duration>0.297</duration>
      <time>0.297</time>
      <cases>
        <case>
          <duration>0.241</duration>
          <className>com.qaagility.javaee.AppTest</className>
          <testName>testFast</testName>
          <skipped>false</skipped>
          <failedSince>0</failedSince>
        </case>
        <case>
          <duration>0.014</duration>
          <className>com.qaagility.javaee.AppTest</className>
          <testName>testSlow</testName>
          <skipped>false</skipped>
          <failedSince>0</failedSince>
        </case>
        <case>
          <duration>0.017</duration>
          <className>com.qaagility.javaee.AppTest</className>
          <testName>testSlower</testName>
          <skipped>false</skipped>
          <failedSince>0</failedSince>
        </case>
        <case>
          <duration>0.311</duration>
          <className>com.qaagility.javaee.AppTest</className>
          <testName>testFast</testName>
          <skipped>false</skipped>
          <failedSince>0</failedSince>
        </case>
        <case>
          <duration>0.001</duration>
          <className>com.qaagility.javaee.AppTest</className>
          <testName>testSlow</testName>
          <skipped>false</skipped>
          <failedSince>0</failedSince>
        </case>
        <case>
          <duration>0.001</duration>
          <className>com.qaagility.javaee.AppTest</className>
          <testName>testSlower</testName>
          <skipped>false</skipped>
          <failedSince>0</failedSince>
        </case>
      </cases>
    </suite>
  </suites>
  <duration>1.14</duration>
  <keepLongStdio>false</keepLongStdio>
</result>