<?xml version='1.0' encoding='UTF-8'?>
<result plugin="junit@1.21">
  <suites>
    <suite>
      <file>/home/devops/.jenkins/workspace/04_Exam_HelloWoldJavaEE_Artifactory/target/surefire-reports/TEST-com.qaagility.controller.AppTest.xml</file>
      <name>com.qaagility.controller.AppTest</name>
      <duration>0.037</duration>
      <time>0.037</time>
      <cases>
        <case>
          <duration>0.037</duration>
          <className>com.qaagility.controller.AppTest</className>
          <testName>testCalc</testName>
          <skipped>false</skipped>
          <failedSince>0</failedSince>
        </case>
        <case>
          <duration>0.056</duration>
          <className>com.qaagility.controller.AppTest</className>
          <testName>testCalc</testName>
          <skipped>false</skipped>
          <failedSince>0</failedSince>
        </case>
      </cases>
    </suite>
    <suite>
      <file>/home/devops/.jenkins/workspace/04_Exam_HelloWoldJavaEE_Artifactory/target/surefire-reports/TEST-com.qaagility.controller.CalcTest.xml</file>
      <name>com.qaagility.controller.CalcTest</name>
      <duration>0.191</duration>
      <time>0.191</time>
      <cases>
        <case>
          <duration>0.185</duration>
          <className>com.qaagility.controller.CalcTest</className>
          <testName>testCalc1</testName>
          <skipped>false</skipped>
          <failedSince>0</failedSince>
        </case>
        <case>
          <duration>0.012</duration>
          <className>com.qaagility.controller.CalcTest</className>
          <testName>testCalc</testName>
          <skipped>false</skipped>
          <failedSince>0</failedSince>
        </case>
        <case>
          <duration>0.18</duration>
          <className>com.qaagility.controller.CalcTest</className>
          <testName>testCalc1</testName>
          <skipped>false</skipped>
          <failedSince>0</failedSince>
        </case>
        <case>
          <duration>0.0</duration>
          <className>com.qaagility.controller.CalcTest</className>
          <testName>testCalc</testName>
          <skipped>false</skipped>
          <failedSince>0</failedSince>
        </case>
      </cases>
    </suite>
  </suites>
  <duration>0.46400002</duration>
  <keepLongStdio>false</keepLongStdio>
</result>